[13:19:31] [Render thread/INFO] [JMLogger] JourneyMap log initialized.
[13:19:31] [Render thread/INFO] [JourneymapClient] initialize ENTER
[13:19:31] [Render thread/INFO] [ClientAPI] [ClientAPI] built with JourneyMap API 1.9-SNAPSHOT
[13:19:31] [Render thread/INFO] [PluginHelper] Initializing plugins with Client API: journeymap.client.api.impl.ClientAPI
[13:19:31] [Render thread/INFO] [PluginHelper] Initialized IClientPlugin: sh.talonfox.enhancedweather.externmods.journeymap.EnhancedWeatherJMPlugin
[13:19:31] [Render thread/INFO] [PluginHelper] Initialized IClientPlugin: net.blay09.mods.waystones.compat.JourneyMapIntegration
[13:19:32] [Render thread/INFO] [ThemeLoader] Preloaded theme textures: 73
[13:19:32] [Render thread/INFO] [?] Version: JourneyMap 1.19.4-5.9.7, built with fabric 0.75.3+1.19.4
fabric: 0.14.17
Environment: os.name, os.arch, java.version, user.country, user.language=null, game language=en_us, locale=en_us
Features: 
	RadarPlayers : singleplayer = true , multiplayer = true
	RadarAnimals : singleplayer = true , multiplayer = true
	RadarMobs : singleplayer = true , multiplayer = true
	RadarVillagers : singleplayer = true , multiplayer = true
	MapTopo : singleplayer = true , multiplayer = true
	MapSurface : singleplayer = true , multiplayer = true
	MapCaves : singleplayer = true , multiplayer = true
	MapBiome : singleplayer = true , multiplayer = true
MiniMapProperties{state=Valid, file=journeymap.minimap.config, configVersion=5.9.7, zoomLevel=0, compassFontScale=1.0, terrainAlpha=100, showEntityNames=true, positionX=0.9, positionY=0.25, effectVertical=false, showPlayerHeading=true, sizePercent=30, playerDisplayScale=1.0, showDayNight=true, showPets=true, preferredMapType=day, showCompass=true, mobDisplay=jm.common.entity_display.dots, systemTimeRealFormat=HH:mm:ss, shape=jm.minimap.shape_circle, showSelf=true, selfDisplayScale=1.0, showGrid=true, reticleOrientation=jm.minimap.orientation.compass, gameTimeRealFormat=HH:mm:ss, effectTranslateX=0, showWaypoints=true, minimapKeyMovementSpeed=0.001, showAnimals=true, infoSlotAlpha=0.7, effectTranslateY=0, showWaypointLabels=true, moveEffectIcons=true, position=jm.minimap.position_topright, fontScale=1.0, showPlayers=true, waypointIconScale=1.0, frameAlpha=100, effectReversed=false, backgroundAlpha=0.8, enabled=false, showVillagers=true, info2Label=jm.theme.labelsource.gametime, info3Label=jm.theme.labelsource.location, showMobs=true, waypointLabelScale=1.0, showReticle=true, orientation=jm.minimap.orientation.north, info4Label=jm.theme.labelsource.biome, locationFormat=xzyv, playerDisplay=jm.common.entity_display.dots, mobDisplayScale=1.0, showCaves=true, showMobHeading=true, locationFormatVerbose=true, info1Label=jm.theme.labelsource.blank}
MiniMapProperties{state=Valid, file=journeymap.minimap2.config, configVersion=5.9.7, zoomLevel=0, compassFontScale=1.0, terrainAlpha=100, showEntityNames=true, positionX=0.9, positionY=0.25, effectVertical=false, showPlayerHeading=true, sizePercent=30, playerDisplayScale=1.0, showDayNight=true, showPets=true, preferredMapType=day, showCompass=true, mobDisplay=jm.common.entity_display.dots, systemTimeRealFormat=HH:mm:ss, shape=jm.minimap.shape_rectangle, showSelf=true, selfDisplayScale=1.0, showGrid=true, reticleOrientation=jm.minimap.orientation.compass, gameTimeRealFormat=HH:mm:ss, effectTranslateX=0, showWaypoints=true, minimapKeyMovementSpeed=0.001, showAnimals=true, infoSlotAlpha=0.7, effectTranslateY=0, showWaypointLabels=true, moveEffectIcons=true, position=jm.minimap.position_topright, fontScale=1.0, showPlayers=true, waypointIconScale=1.0, frameAlpha=100, effectReversed=false, backgroundAlpha=0.8, enabled=false, showVillagers=true, info2Label=jm.theme.labelsource.gametime, info3Label=jm.theme.labelsource.location, showMobs=true, waypointLabelScale=1.0, showReticle=true, orientation=jm.minimap.orientation.north, info4Label=jm.theme.labelsource.biome, locationFormat=xzyv, playerDisplay=jm.common.entity_display.dots, mobDisplayScale=1.0, showCaves=true, showMobHeading=true, locationFormatVerbose=true, info1Label=jm.theme.labelsource.blank}
FullMapProperties{state=Valid, file=journeymap.fullmap.config, configVersion=5.9.7, zoomLevel=0, showPlayers=true, waypointIconScale=1.0, showEntityNames=true, showPlayerHeading=true, showVillagers=true, showPlayerLoc=true, showKeys=true, playerDisplayScale=1.0, showMobs=true, showPets=true, waypointLabelScale=1.0, preferredMapType=day, mobDisplay=jm.common.entity_display.icons, showSelf=true, locationFormat=xzyv, playerDisplay=jm.common.entity_display.icons, mobDisplayScale=1.0, selfDisplayScale=1.0, showGrid=true, showMouseLoc=true, showWaypoints=true, showCaves=true, showAnimals=true, dragScale=1, showMobHeading=true, showWaypointLabels=true, locationFormatVerbose=true, fontScale=1.0}
WaypointProperties{state=Valid, file=journeymap.waypoint.config, configVersion=5.9.7, autoRemoveDeathpointDistance=2, dateFormat=MM-dd-yyyy, autoRemoveDeathpoints=false, fullscreenDoubleClickToCreate=true, managerDimensionFocus=false, minDistance=4, boldLabel=false, textureSmall=true, showDeathpointlabel=true, beaconEnabled=true, createDeathpoints=true, showName=true, disableStrikeThrough=false, maxDistance=0, autoHideLabel=true, autoRemoveTempWaypoints=2, teleportCommand=/tp {name} {x} {y} {z}, showStaticBeam=true, shaderBeacon=false, timeFormat=HH:mm:ss, showDeviationLabel=false, showDistance=true, showRotatingBeam=true, fontScale=2.0, showTexture=true, managerEnabled=true}
WebMapProperties{state=Valid, file=journeymap.webmap.config, configVersion=5.9.7, port=8080, enabled=false}
CoreProperties{state=Valid, file=journeymap.core.config, configVersion=5.9.7, verboseColorPalette=false, maxPlayersData=32, mapSurfaceAboveCaves=true, dataCachingEnabled=true, optionsManagerViewed=5.9.7, announceMod=true, colorPassive=#bbbbbb, mapBlendWater=false, renderDistanceSurfaceMax=0, seedId=false, radarVerticalDistance=16, mapBlendGrass=true, recordCacheStats=false, hideSneakingEntities=true, revealShape=jm.minimap.shape_circle, mapBiome=true, alwaysMapSurface=false, colorVillager=#88e188, mapPlants=false, colorPet=#0077ff, radarLateralDistance=64, mapBathymetry=false, mapCrops=true, maxMobsData=32, mapPlantShadows=false, alwaysMapCaves=false, checkUpdates=true, mapBlendFoliage=true, hideSpectators=false, mappingEnabled=true, colorPlayer=#ffffff, tileHighDisplayQuality=true, cacheVillagersData=2200, logLevel=INFO, maxVillagersData=32, mapWaterBiomeColors=false, maxAnimalsData=32, mapTransparency=true, caveBlackAsClear=false, tileRenderType=1, caveIgnoreGlass=true, mapTopography=true, renderDistanceCaveMax=0, mapAntialiasing=true, colorSelf=#0000ff, cachePlayersData=2000, cacheMobsData=3000, cachePlayerData=1000, splashViewed=5.9.7, colorHostile=#ff0000, cacheAnimalsData=3100, themeName=OceanMonument, mapCaveLighting=true, renderDelay=2, glErrorChecking=false, autoMapPoll=2000}
[13:19:32] [Render thread/INFO] [JourneymapClient] initialize EXIT, elapsed count 1 avg 746.05ms
[13:19:32] [Render thread/INFO] [JourneymapClient] postInitialize EXIT, elapsed count 1 avg 6.06ms
[13:19:43] [Render thread/WARN] [ColorPalette] Existing color palette's resource packs no longer match current loadout.
[13:19:43] [Render thread/INFO] [ColorPalette] WAS: 2D Weapon Models, Default, Default Connected Textures, DiscreetGUI V1.4.zip, Fabric Mods, Fantasy_Ores_v7.1[classic].zip, FreshAnimations_v1.8.1.zip, Glass Pane Culling Fix, Gothic RPG Font.zip, High Contrast, Improved Hostiles.zip, Misa_1.19y.zip, Programmer Art, Sleep Tight Generated Pack, cozy-critters-1-19-4.zip, resources/Owl's Data Pack Resources.zip, resources/Survival_Expansion_Textures.zip, resources/essence-rpg-resources-v1-17.zip, resources/mr-chibismmo-pack-v1-3.zip, resources/swordsandstrongholds-v2-0-resourcepack-e490.zip, resources/voa-resource1-3.zip
NOW: 2D Weapon Models, Default, Default Connected Textures, DiscreetGUI V1.4.zip, Fabric Mods, Fantasy_Ores_v7.1[classic].zip, FreshAnimations_v1.8.1.zip, Glass Pane Culling Fix, Gothic RPG Font.zip, High Contrast, Improved Hostiles.zip, Misa_1.19y.zip, Programmer Art, cozy-critters-1-19-4.zip, resources/Owl's Data Pack Resources.zip, resources/Survival_Expansion_Textures.zip, resources/essence-rpg-resources-v1-17.zip, resources/mr-chibismmo-pack-v1-3.zip, resources/swordsandstrongholds-v2-0-resourcepack-e490.zip, resources/voa-resource1-3.zip
[13:19:43] [Render thread/INFO] [ColorPalette] Color palette file generated for 0 blockstates in 10ms for: C:\Users\3raza\curseforge\minecraft\Instances\Legendary (1)\journeymap\colorpalette.json
[13:19:44] [Render thread/INFO] [ColorManager] Updated color palette for 898 blockstates in 451ms: C:\Users\3raza\curseforge\minecraft\Instances\Legendary (1)\journeymap\colorpalette.json
[13:21:42] [Render thread/INFO] [JourneymapClient] World UID is set to: 15abc5c1-31c8-4122-a26c-59f5f398d9d2
[13:21:43] [Render thread/INFO] [WaypointStore] Loaded 0 waypoints from C:\Users\3raza\curseforge\minecraft\Instances\Legendary (1)\journeymap\data\mp\Testing_15abc5c1~31c8~4122~a26c~59f5f398d9d2\waypoints
[13:21:43] [Render thread/INFO] [JourneymapClient] Mapping started in C:\Users\3raza\curseforge\minecraft\Instances\Legendary (1)\journeymap\data\mp\Testing_15abc5c1~31c8~4122~a26c~59f5f398d9d2\overworld. Memory: 2208MB total, 1203MB free 
[13:22:16] [Render thread/INFO] [ChatLog] JourneyMap: Press [M]
[13:25:14] [Render thread/INFO] [JourneymapClient] Mapping halted in C:\Users\3raza\curseforge\minecraft\Instances\Legendary (1)\journeymap\data\mp\Testing_15abc5c1~31c8~4122~a26c~59f5f398d9d2\minecraft:overworld
[13:25:16] [Render thread/INFO] [MappingMonitorTask] World ID has been reset.
[13:25:16] [Render thread/INFO] [JourneymapClient] World UID is set to: null
